<?xml version="1.0" encoding="UTF-8"?>
<!-- Generated by org.testng.reporters.JUnitReportReporter -->
<testsuite hostname="din83000439" failures="0" tests="4" name="api.test.UserTests2" time="22.572" errors="0" timestamp="2023-04-05T13:16:35 IST" skipped="0">
  <testcase classname="api.test.UserTests2" name="testPostUser" time="7.905"/>
  <system-out/>
  <testcase classname="api.test.UserTests2" name="testGetUserByName" time="3.760"/>
  <system-out/>
  <testcase classname="api.test.UserTests2" name="testUpdateUserByName" time="7.301"/>
  <system-out/>
  <testcase classname="api.test.UserTests2" name="testDeleteUserByName" time="3.606"/>
  <system-out/>
</testsuite> <!-- api.test.UserTests2 -->
